Using pre-set license

 COMMAND LINE ARGUMENTS:
/Applications/Unity/Hub/Editor/2020.3.8f1/Unity.app/Contents/MacOS/Unity
-adb2
-batchMode
-noUpm
-name
AssetImportWorker0
-projectPath
/Users/walter/JawCorp/Space Apps Challange 2021/Planetary Lander Video Game- Space Apps Challanger 2021
-logFile
Logs/AssetImportWorker0.log
-srvPort
49886
Successfully changed project path to: /Users/walter/JawCorp/Space Apps Challange 2021/Planetary Lander Video Game- Space Apps Challanger 2021
/Users/walter/JawCorp/Space Apps Challange 2021/Planetary Lander Video Game- Space Apps Challanger 2021
Using Asset Import Pipeline V2.
Refreshing native plugins compatible for Editor in 26.50 ms, found 1 plugins.
Preloading 0 native plugins for Editor in 0.00 ms.
Initialize engine version: 2020.3.8f1 (507919d4fff5)
[Subsystems] Discovering subsystems at path /Applications/Unity/Hub/Editor/2020.3.8f1/Unity.app/Contents/Resources/UnitySubsystems
[Subsystems] Discovering subsystems at path /Users/walter/JawCorp/Space Apps Challange 2021/Planetary Lander Video Game- Space Apps Challanger 2021/Assets
GfxDevice: creating device client; threaded=0
2021-10-02 07:25:46.008 Unity[79166:5540250] PHL 276E8V preferred device: Intel(R) Iris(TM) Plus Graphics 655 (low power)
2021-10-02 07:25:46.008 Unity[79166:5540250] Metal devices available: 1
2021-10-02 07:25:46.008 Unity[79166:5540250] 0: Intel(R) Iris(TM) Plus Graphics 655 (low power)
2021-10-02 07:25:46.008 Unity[79166:5540250] Using device Intel(R) Iris(TM) Plus Graphics 655 (low power)
Initializing Metal device caps: Intel(R) Iris(TM) Plus Graphics 655
Initialize mono
Mono path[0] = '/Applications/Unity/Hub/Editor/2020.3.8f1/Unity.app/Contents/Managed'
Mono path[1] = '/Applications/Unity/Hub/Editor/2020.3.8f1/Unity.app/Contents/MonoBleedingEdge/lib/mono/unityjit'
Mono config path = '/Applications/Unity/Hub/Editor/2020.3.8f1/Unity.app/Contents/MonoBleedingEdge/etc'
Using monoOptions --debugger-agent=transport=dt_socket,embedding=1,server=y,suspend=n,address=127.0.0.1:56166
Begin MonoManager ReloadAssembly
Registering precompiled unity dll's ...
Register platform support module: /Applications/Unity/Hub/Editor/2020.3.8f1/PlaybackEngines/WebGLSupport/UnityEditor.WebGL.Extensions.dll
Register platform support module: /Applications/Unity/Hub/Editor/2020.3.8f1/Unity.app/Contents/PlaybackEngines/MacStandaloneSupport/UnityEditor.OSXStandalone.Extensions.dll
Register platform support module: /Applications/Unity/Hub/Editor/2020.3.8f1/PlaybackEngines/WindowsStandaloneSupport/UnityEditor.WindowsStandalone.Extensions.dll
Registered in 0.000832 seconds.
Native extension for WindowsStandalone target not found
Native extension for OSXStandalone target not found
Native extension for WebGL target not found
Refreshing native plugins compatible for Editor in 23.50 ms, found 1 plugins.
Preloading 0 native plugins for Editor in 0.00 ms.
Mono: successfully reloaded assembly
- Completed reload, in  1.785 seconds
Platform modules already initialized, skipping
Registering precompiled user dll's ...
Registered in 0.000343 seconds.
Begin MonoManager ReloadAssembly
Native extension for WindowsStandalone target not found
Native extension for OSXStandalone target not found
Native extension for WebGL target not found
Refreshing native plugins compatible for Editor in 0.24 ms, found 1 plugins.
Preloading 0 native plugins for Editor in 0.00 ms.
Mono: successfully reloaded assembly
- Completed reload, in  1.172 seconds
Platform modules already initialized, skipping
========================================================================
Worker process is ready to serve import requests
Launching external process: /Applications/Unity/Hub/Editor/2020.3.8f1/Unity.app/Contents/Tools/UnityShaderCompiler
Launched and connected shader compiler UnityShaderCompiler after 0.02 seconds
Refreshing native plugins compatible for Editor in 0.36 ms, found 1 plugins.
Preloading 0 native plugins for Editor in 0.00 ms.
Unloading 1116 Unused Serialized files (Serialized files now loaded: 0)
System memory in use before: 110.7 MB.
System memory in use after: 110.7 MB.

Unloading 10 unused Assets to reduce memory usage. Loaded Objects now: 1559.
Total: 2.428235 ms (FindLiveObjects: 0.210873 ms CreateObjectMapping: 0.097898 ms MarkObjects: 2.009809 ms  DeleteObjects: 0.108822 ms)

========================================================================
Received Import Request.
  path: Assets/JawCorp logo mk 1.psd
  artifactKey: Guid(77d436eb16c484508a30294a19bd410c) Importer(815301076,1909f56bfc062723c751e8b465ee728b)
Start importing Assets/JawCorp logo mk 1.psd using Guid(77d436eb16c484508a30294a19bd410c) Importer(815301076,1909f56bfc062723c751e8b465ee728b)  -> (artifact id: '454ec871774ca30fcfa05159fcb13332') in 0.499763 seconds
  Import took 0.501670 seconds .

========================================================================
Received Import Request.
  Time since last request: 1.632490 seconds.
  path: Assets/Jawcorp Introduction.unity
  artifactKey: Guid(d1fdecd25788a4c6da707e6859fc769a) Importer(815301076,1909f56bfc062723c751e8b465ee728b)
Start importing Assets/Jawcorp Introduction.unity using Guid(d1fdecd25788a4c6da707e6859fc769a) Importer(815301076,1909f56bfc062723c751e8b465ee728b)  -> (artifact id: 'bf3f92abb9e84ab47a41c48d084583dc') in 0.001132 seconds
  Import took 0.002883 seconds .

========================================================================
Received Import Request.
  Time since last request: 0.015464 seconds.
  path: Assets/Jawcorp Introduction.unity
  artifactKey: Guid(d1fdecd25788a4c6da707e6859fc769a) Importer(815301076,1909f56bfc062723c751e8b465ee728b)
Start importing Assets/Jawcorp Introduction.unity using Guid(d1fdecd25788a4c6da707e6859fc769a) Importer(815301076,1909f56bfc062723c751e8b465ee728b)  -> (artifact id: 'bf3f92abb9e84ab47a41c48d084583dc') in 0.001108 seconds
  Import took 0.002868 seconds .

========================================================================
Received Prepare
Registering precompiled user dll's ...
Registered in 0.000935 seconds.
Begin MonoManager ReloadAssembly
Native extension for WindowsStandalone target not found
Native extension for OSXStandalone target not found
Native extension for WebGL target not found
Refreshing native plugins compatible for Editor in 0.23 ms, found 1 plugins.
Preloading 0 native plugins for Editor in 0.00 ms.
Mono: successfully reloaded assembly
- Completed reload, in  0.973 seconds
Platform modules already initialized, skipping
Refreshing native plugins compatible for Editor in 0.31 ms, found 1 plugins.
Preloading 0 native plugins for Editor in 0.00 ms.
Unloading 1111 Unused Serialized files (Serialized files now loaded: 0)
System memory in use before: 118.9 MB.
System memory in use after: 119.0 MB.

Unloading 5 unused Assets to reduce memory usage. Loaded Objects now: 1568.
Total: 1.556060 ms (FindLiveObjects: 0.189871 ms CreateObjectMapping: 0.060858 ms MarkObjects: 1.260731 ms  DeleteObjects: 0.043774 ms)

========================================================================
Received Prepare
Registering precompiled user dll's ...
Registered in 0.000344 seconds.
Begin MonoManager ReloadAssembly
Native extension for WindowsStandalone target not found
Native extension for OSXStandalone target not found
Native extension for WebGL target not found
Refreshing native plugins compatible for Editor in 0.37 ms, found 1 plugins.
Preloading 0 native plugins for Editor in 0.00 ms.
Mono: successfully reloaded assembly
- Completed reload, in  1.157 seconds
Platform modules already initialized, skipping
Refreshing native plugins compatible for Editor in 0.74 ms, found 1 plugins.
Preloading 0 native plugins for Editor in 0.00 ms.
Unloading 1111 Unused Serialized files (Serialized files now loaded: 0)
System memory in use before: 119.1 MB.
System memory in use after: 119.2 MB.

Unloading 5 unused Assets to reduce memory usage. Loaded Objects now: 1571.
Total: 2.069630 ms (FindLiveObjects: 0.181932 ms CreateObjectMapping: 0.043477 ms MarkObjects: 1.646996 ms  DeleteObjects: 0.196257 ms)

========================================================================
Received Prepare
Registering precompiled user dll's ...
Registered in 0.003052 seconds.
Begin MonoManager ReloadAssembly
Native extension for WindowsStandalone target not found
Native extension for OSXStandalone target not found
Native extension for WebGL target not found
Refreshing native plugins compatible for Editor in 0.28 ms, found 1 plugins.
Preloading 0 native plugins for Editor in 0.00 ms.
Mono: successfully reloaded assembly
- Completed reload, in  1.338 seconds
Platform modules already initialized, skipping
Refreshing native plugins compatible for Editor in 0.19 ms, found 1 plugins.
Preloading 0 native plugins for Editor in 0.00 ms.
Unloading 1111 Unused Serialized files (Serialized files now loaded: 0)
System memory in use before: 119.4 MB.
System memory in use after: 119.5 MB.

Unloading 5 unused Assets to reduce memory usage. Loaded Objects now: 1574.
Total: 1.647196 ms (FindLiveObjects: 0.134147 ms CreateObjectMapping: 0.034159 ms MarkObjects: 1.433912 ms  DeleteObjects: 0.043852 ms)

========================================================================
Received Import Request.
  Time since last request: 281.076312 seconds.
  path: Assets/lunarlandernofoil_carbajal.3ds
  artifactKey: Guid(9db59a53639e9450aa57517b59a7367f) Importer(815301076,1909f56bfc062723c751e8b465ee728b)
Start importing Assets/lunarlandernofoil_carbajal.3ds using Guid(9db59a53639e9450aa57517b59a7367f) Importer(815301076,1909f56bfc062723c751e8b465ee728b)  -> (artifact id: '638db4dcf0894f663e728fd5caa6a9d1') in 3.148609 seconds
  Import took 3.154733 seconds .

========================================================================
Received Import Request.
  Time since last request: 8.621351 seconds.
  path: Assets/ProcedualMesh.cs
  artifactKey: Guid(8d60a4451e3044375b1aad517e5eea0a) Importer(815301076,1909f56bfc062723c751e8b465ee728b)
Start importing Assets/ProcedualMesh.cs using Guid(8d60a4451e3044375b1aad517e5eea0a) Importer(815301076,1909f56bfc062723c751e8b465ee728b)  -> (artifact id: '7615c6384ad21cce034ee183e0f4a367') in 0.691345 seconds
  Import took 0.695541 seconds .

========================================================================
Received Prepare
Registering precompiled user dll's ...
Registered in 0.001075 seconds.
Begin MonoManager ReloadAssembly
Native extension for WindowsStandalone target not found
Native extension for OSXStandalone target not found
Native extension for WebGL target not found
Refreshing native plugins compatible for Editor in 0.64 ms, found 1 plugins.
Preloading 0 native plugins for Editor in 0.00 ms.
Mono: successfully reloaded assembly
- Completed reload, in  1.218 seconds
Platform modules already initialized, skipping
Refreshing native plugins compatible for Editor in 0.36 ms, found 1 plugins.
Preloading 0 native plugins for Editor in 0.00 ms.
Unloading 1112 Unused Serialized files (Serialized files now loaded: 0)
System memory in use before: 133.6 MB.
System memory in use after: 133.7 MB.

Unloading 5 unused Assets to reduce memory usage. Loaded Objects now: 1619.
Total: 1.687928 ms (FindLiveObjects: 0.182336 ms CreateObjectMapping: 0.038830 ms MarkObjects: 1.417909 ms  DeleteObjects: 0.047987 ms)

========================================================================
Received Prepare
Registering precompiled user dll's ...
Registered in 0.000813 seconds.
Begin MonoManager ReloadAssembly
Native extension for WindowsStandalone target not found
Native extension for OSXStandalone target not found
Native extension for WebGL target not found
Refreshing native plugins compatible for Editor in 0.22 ms, found 1 plugins.
Preloading 0 native plugins for Editor in 0.00 ms.
Mono: successfully reloaded assembly
- Completed reload, in  0.965 seconds
Platform modules already initialized, skipping
Refreshing native plugins compatible for Editor in 0.42 ms, found 1 plugins.
Preloading 0 native plugins for Editor in 0.00 ms.
Unloading 1112 Unused Serialized files (Serialized files now loaded: 0)
System memory in use before: 133.7 MB.
System memory in use after: 133.8 MB.

Unloading 5 unused Assets to reduce memory usage. Loaded Objects now: 1622.
Total: 2.260720 ms (FindLiveObjects: 0.170292 ms CreateObjectMapping: 0.064114 ms MarkObjects: 1.974509 ms  DeleteObjects: 0.049788 ms)

========================================================================
Received Import Request.
  Time since last request: 222.994851 seconds.
  path: Assets/Scripts
  artifactKey: Guid(97197315ae2ee402bbc7ab0e71059162) Importer(815301076,1909f56bfc062723c751e8b465ee728b)
Start importing Assets/Scripts using Guid(97197315ae2ee402bbc7ab0e71059162) Importer(815301076,1909f56bfc062723c751e8b465ee728b)  -> (artifact id: '9cc3f9dd73deceb83bb41691dd7956f9') in 0.004069 seconds
  Import took 0.006106 seconds .

========================================================================
Received Prepare
Registering precompiled user dll's ...
Registered in 0.000347 seconds.
Begin MonoManager ReloadAssembly
Native extension for WindowsStandalone target not found
Native extension for OSXStandalone target not found
Native extension for WebGL target not found
Refreshing native plugins compatible for Editor in 0.34 ms, found 1 plugins.
Preloading 0 native plugins for Editor in 0.00 ms.
Mono: successfully reloaded assembly
- Completed reload, in  0.959 seconds
Platform modules already initialized, skipping
Refreshing native plugins compatible for Editor in 0.17 ms, found 1 plugins.
Preloading 0 native plugins for Editor in 0.00 ms.
Unloading 1112 Unused Serialized files (Serialized files now loaded: 0)
System memory in use before: 133.9 MB.
System memory in use after: 134.0 MB.

Unloading 5 unused Assets to reduce memory usage. Loaded Objects now: 1625.
Total: 1.489165 ms (FindLiveObjects: 0.222077 ms CreateObjectMapping: 0.030623 ms MarkObjects: 1.198805 ms  DeleteObjects: 0.036957 ms)

========================================================================
Received Import Request.
  Time since last request: 6.348512 seconds.
  path: Assets/Main Menu.unity
  artifactKey: Guid(53332dbe5a2634d01af4b10397a7700c) Importer(815301076,1909f56bfc062723c751e8b465ee728b)
Start importing Assets/Main Menu.unity using Guid(53332dbe5a2634d01af4b10397a7700c) Importer(815301076,1909f56bfc062723c751e8b465ee728b)  -> (artifact id: '651fb5cdf84823dab8bc723b6d376db1') in 0.011480 seconds
  Import took 0.014002 seconds .

========================================================================
Received Prepare
Registering precompiled user dll's ...
Registered in 0.000331 seconds.
Begin MonoManager ReloadAssembly
Native extension for WindowsStandalone target not found
Native extension for OSXStandalone target not found
Native extension for WebGL target not found
Refreshing native plugins compatible for Editor in 0.23 ms, found 1 plugins.
Preloading 0 native plugins for Editor in 0.00 ms.
Mono: successfully reloaded assembly
- Completed reload, in  0.975 seconds
Platform modules already initialized, skipping
Refreshing native plugins compatible for Editor in 0.17 ms, found 1 plugins.
Preloading 0 native plugins for Editor in 0.00 ms.
Unloading 1112 Unused Serialized files (Serialized files now loaded: 0)
System memory in use before: 134.0 MB.
System memory in use after: 134.1 MB.

Unloading 5 unused Assets to reduce memory usage. Loaded Objects now: 1628.
Total: 1.682423 ms (FindLiveObjects: 0.135425 ms CreateObjectMapping: 0.031884 ms MarkObjects: 1.382911 ms  DeleteObjects: 0.131189 ms)

========================================================================
Received Import Request.
  Time since last request: 12.785793 seconds.
  path: Assets/Models
  artifactKey: Guid(e212a7641e638442c860840fc6fcf1a2) Importer(815301076,1909f56bfc062723c751e8b465ee728b)
Start importing Assets/Models using Guid(e212a7641e638442c860840fc6fcf1a2) Importer(815301076,1909f56bfc062723c751e8b465ee728b)  -> (artifact id: '525150f27d3ab0f80a074a167d1b4ab6') in 0.004020 seconds
  Import took 0.005861 seconds .

========================================================================
Received Import Request.
  Time since last request: 17.344276 seconds.
  path: Assets/Imahes
  artifactKey: Guid(bf2bf19a22f334cae85c5f76c63b48b3) Importer(815301076,1909f56bfc062723c751e8b465ee728b)
Start importing Assets/Imahes using Guid(bf2bf19a22f334cae85c5f76c63b48b3) Importer(815301076,1909f56bfc062723c751e8b465ee728b)  -> (artifact id: 'c8f864c3232df121a0bbebc96e564857') in 0.001236 seconds
  Import took 0.003133 seconds .

========================================================================
Received Import Request.
  Time since last request: 6.410682 seconds.
  path: Assets/Images
  artifactKey: Guid(bf2bf19a22f334cae85c5f76c63b48b3) Importer(815301076,1909f56bfc062723c751e8b465ee728b)
Start importing Assets/Images using Guid(bf2bf19a22f334cae85c5f76c63b48b3) Importer(815301076,1909f56bfc062723c751e8b465ee728b)  -> (artifact id: '914cf4c298bc68657c54e2fbd76d74aa') in 0.000857 seconds
  Import took 0.002880 seconds .

========================================================================
Received Import Request.
  Time since last request: 114.936119 seconds.
  path: Assets/Matirials
  artifactKey: Guid(be93fa47e095c40b4893bc8cb6573ea7) Importer(815301076,1909f56bfc062723c751e8b465ee728b)
Start importing Assets/Matirials using Guid(be93fa47e095c40b4893bc8cb6573ea7) Importer(815301076,1909f56bfc062723c751e8b465ee728b)  -> (artifact id: '6e4600b00ba4fc5e6ad41106de7ecdfb') in 0.001820 seconds
  Import took 0.003910 seconds .

========================================================================
Received Import Request.
  Time since last request: 6.575643 seconds.
  path: Assets/Matirials/New Material.mat
  artifactKey: Guid(935ffdd23df9b4dfaac5352b06ef6c28) Importer(815301076,1909f56bfc062723c751e8b465ee728b)
Start importing Assets/Matirials/New Material.mat using Guid(935ffdd23df9b4dfaac5352b06ef6c28) Importer(815301076,1909f56bfc062723c751e8b465ee728b)  -> (artifact id: 'e5a0dd76bc5f9375685038465d6f8a77') in 1.282092 seconds
  Import took 1.284769 seconds .

========================================================================
Received Prepare
Registering precompiled user dll's ...
Registered in 0.001071 seconds.
Begin MonoManager ReloadAssembly
Native extension for WindowsStandalone target not found
Native extension for OSXStandalone target not found
Native extension for WebGL target not found
Refreshing native plugins compatible for Editor in 0.23 ms, found 1 plugins.
Preloading 0 native plugins for Editor in 0.00 ms.
Mono: successfully reloaded assembly
- Completed reload, in  0.981 seconds
Platform modules already initialized, skipping
Refreshing native plugins compatible for Editor in 0.19 ms, found 1 plugins.
Preloading 0 native plugins for Editor in 0.00 ms.
Unloading 1112 Unused Serialized files (Serialized files now loaded: 0)
System memory in use before: 138.4 MB.
System memory in use after: 138.5 MB.

Unloading 5 unused Assets to reduce memory usage. Loaded Objects now: 1632.
Total: 1.549167 ms (FindLiveObjects: 0.131616 ms CreateObjectMapping: 0.032614 ms MarkObjects: 1.346866 ms  DeleteObjects: 0.037489 ms)

========================================================================
Received Import Request.
  Time since last request: 127.826769 seconds.
  path: Assets/Matirials/New Material.mat
  artifactKey: Guid(935ffdd23df9b4dfaac5352b06ef6c28) Importer(815301076,1909f56bfc062723c751e8b465ee728b)
Start importing Assets/Matirials/New Material.mat using Guid(935ffdd23df9b4dfaac5352b06ef6c28) Importer(815301076,1909f56bfc062723c751e8b465ee728b)  -> (artifact id: 'e3c0cbf07155e0695a545ac81752e8be') in 0.075224 seconds
  Import took 0.077366 seconds .

========================================================================
Received Prepare
Registering precompiled user dll's ...
Registered in 0.000326 seconds.
Begin MonoManager ReloadAssembly
Native extension for WindowsStandalone target not found
Native extension for OSXStandalone target not found
Native extension for WebGL target not found
Refreshing native plugins compatible for Editor in 0.30 ms, found 1 plugins.
Preloading 0 native plugins for Editor in 0.00 ms.
Mono: successfully reloaded assembly
- Completed reload, in  1.091 seconds
Platform modules already initialized, skipping
Refreshing native plugins compatible for Editor in 0.23 ms, found 1 plugins.
Preloading 0 native plugins for Editor in 0.00 ms.
Unloading 1112 Unused Serialized files (Serialized files now loaded: 0)
System memory in use before: 138.7 MB.
System memory in use after: 138.8 MB.

Unloading 5 unused Assets to reduce memory usage. Loaded Objects now: 1636.
Total: 2.006216 ms (FindLiveObjects: 0.227048 ms CreateObjectMapping: 0.044437 ms MarkObjects: 1.680112 ms  DeleteObjects: 0.053515 ms)

========================================================================
Received Import Request.
  Time since last request: 329.770191 seconds.
  path: Assets/Scripts/ProcedualMesh.cs
  artifactKey: Guid(8d60a4451e3044375b1aad517e5eea0a) Importer(815301076,1909f56bfc062723c751e8b465ee728b)
Start importing Assets/Scripts/ProcedualMesh.cs using Guid(8d60a4451e3044375b1aad517e5eea0a) Importer(815301076,1909f56bfc062723c751e8b465ee728b)  -> (artifact id: '8f9a7d892782df37d92f20c3d7fb594f') in 0.003338 seconds
  Import took 0.005053 seconds .

========================================================================
Received Prepare
Registering precompiled user dll's ...
Registered in 0.000304 seconds.
Begin MonoManager ReloadAssembly
Native extension for WindowsStandalone target not found
Native extension for OSXStandalone target not found
Native extension for WebGL target not found
Refreshing native plugins compatible for Editor in 0.23 ms, found 1 plugins.
Preloading 0 native plugins for Editor in 0.00 ms.
Mono: successfully reloaded assembly
- Completed reload, in  0.867 seconds
Platform modules already initialized, skipping
Refreshing native plugins compatible for Editor in 0.16 ms, found 1 plugins.
Preloading 0 native plugins for Editor in 0.00 ms.
Unloading 1112 Unused Serialized files (Serialized files now loaded: 0)
System memory in use before: 138.8 MB.
System memory in use after: 138.9 MB.

Unloading 5 unused Assets to reduce memory usage. Loaded Objects now: 1639.
Total: 1.334364 ms (FindLiveObjects: 0.138987 ms CreateObjectMapping: 0.028291 ms MarkObjects: 1.131318 ms  DeleteObjects: 0.034963 ms)

========================================================================
Received Prepare
Registering precompiled user dll's ...
Registered in 0.000358 seconds.
Begin MonoManager ReloadAssembly
Native extension for WindowsStandalone target not found
Native extension for OSXStandalone target not found
Native extension for WebGL target not found
Refreshing native plugins compatible for Editor in 0.26 ms, found 1 plugins.
Preloading 0 native plugins for Editor in 0.00 ms.
Mono: successfully reloaded assembly
- Completed reload, in  1.016 seconds
Platform modules already initialized, skipping
Refreshing native plugins compatible for Editor in 0.28 ms, found 1 plugins.
Preloading 0 native plugins for Editor in 0.00 ms.
Unloading 1112 Unused Serialized files (Serialized files now loaded: 0)
System memory in use before: 139.0 MB.
System memory in use after: 139.1 MB.

Unloading 5 unused Assets to reduce memory usage. Loaded Objects now: 1642.
Total: 1.819951 ms (FindLiveObjects: 0.143576 ms CreateObjectMapping: 0.036104 ms MarkObjects: 1.591120 ms  DeleteObjects: 0.048380 ms)

========================================================================
Received Prepare
Registering precompiled user dll's ...
Registered in 0.000414 seconds.
Begin MonoManager ReloadAssembly
Native extension for WindowsStandalone target not found
Native extension for OSXStandalone target not found
Native extension for WebGL target not found
Refreshing native plugins compatible for Editor in 0.24 ms, found 1 plugins.
Preloading 0 native plugins for Editor in 0.00 ms.
Mono: successfully reloaded assembly
- Completed reload, in  1.024 seconds
Platform modules already initialized, skipping
Refreshing native plugins compatible for Editor in 0.37 ms, found 1 plugins.
Preloading 0 native plugins for Editor in 0.00 ms.
Unloading 1112 Unused Serialized files (Serialized files now loaded: 0)
System memory in use before: 139.2 MB.
System memory in use after: 139.3 MB.

Unloading 5 unused Assets to reduce memory usage. Loaded Objects now: 1645.
Total: 1.542732 ms (FindLiveObjects: 0.141952 ms CreateObjectMapping: 0.032086 ms MarkObjects: 1.322335 ms  DeleteObjects: 0.045561 ms)

========================================================================
Received Import Request.
  Time since last request: 1083.031528 seconds.
  path: Assets/Scenes
  artifactKey: Guid(c1bb8a64a53f047b99cb0647eea92500) Importer(815301076,1909f56bfc062723c751e8b465ee728b)
Start importing Assets/Scenes using Guid(c1bb8a64a53f047b99cb0647eea92500) Importer(815301076,1909f56bfc062723c751e8b465ee728b)  -> (artifact id: '6128877187dc00cc11d5bd0c2156cb89') in 0.003553 seconds
  Import took 0.006210 seconds .

========================================================================
Received Import Request.
  Time since last request: 2.621848 seconds.
  path: Assets/Scenes/Main.unity
  artifactKey: Guid(1a9a4e5c327434c8eb7495274d7f7d36) Importer(815301076,1909f56bfc062723c751e8b465ee728b)
Start importing Assets/Scenes/Main.unity using Guid(1a9a4e5c327434c8eb7495274d7f7d36) Importer(815301076,1909f56bfc062723c751e8b465ee728b)  -> (artifact id: '32e4af67dda83f03e7dbc3249e91349b') in 0.011652 seconds
  Import took 0.013772 seconds .

========================================================================
Received Import Request.
  Time since last request: 2.138633 seconds.
  path: Assets/Scenes/SampleScene.unity
  artifactKey: Guid(9fc0d4010bbf28b4594072e72b8655ab) Importer(815301076,1909f56bfc062723c751e8b465ee728b)
Start importing Assets/Scenes/SampleScene.unity using Guid(9fc0d4010bbf28b4594072e72b8655ab) Importer(815301076,1909f56bfc062723c751e8b465ee728b)  -> (artifact id: '85059f4f9e1a832ed95adaa0d25c5c4c') in 0.001369 seconds
  Import took 0.003771 seconds .

