Using pre-set license

 COMMAND LINE ARGUMENTS:
/Applications/Unity/Hub/Editor/2020.3.8f1/Unity.app/Contents/MacOS/Unity
-adb2
-batchMode
-noUpm
-name
AssetImportWorker0
-projectPath
/Users/walter/JawCorp/Space Apps Challange 2021/Planetary Lander Video Game- Space Apps Challange 2021
-logFile
Logs/AssetImportWorker0.log
-srvPort
53098
Successfully changed project path to: /Users/walter/JawCorp/Space Apps Challange 2021/Planetary Lander Video Game- Space Apps Challange 2021
/Users/walter/JawCorp/Space Apps Challange 2021/Planetary Lander Video Game- Space Apps Challange 2021
Using Asset Import Pipeline V2.
Refreshing native plugins compatible for Editor in 26.92 ms, found 1 plugins.
Preloading 0 native plugins for Editor in 0.00 ms.
Initialize engine version: 2020.3.8f1 (507919d4fff5)
[Subsystems] Discovering subsystems at path /Applications/Unity/Hub/Editor/2020.3.8f1/Unity.app/Contents/Resources/UnitySubsystems
[Subsystems] Discovering subsystems at path /Users/walter/JawCorp/Space Apps Challange 2021/Planetary Lander Video Game- Space Apps Challange 2021/Assets
GfxDevice: creating device client; threaded=0
2021-10-03 19:10:35.459 Unity[10364:321846] PHL 276E8V preferred device: Intel(R) Iris(TM) Plus Graphics 655 (low power)
2021-10-03 19:10:35.459 Unity[10364:321846] Metal devices available: 1
2021-10-03 19:10:35.459 Unity[10364:321846] 0: Intel(R) Iris(TM) Plus Graphics 655 (low power)
2021-10-03 19:10:35.460 Unity[10364:321846] Using device Intel(R) Iris(TM) Plus Graphics 655 (low power)
Initializing Metal device caps: Intel(R) Iris(TM) Plus Graphics 655
Initialize mono
Mono path[0] = '/Applications/Unity/Hub/Editor/2020.3.8f1/Unity.app/Contents/Managed'
Mono path[1] = '/Applications/Unity/Hub/Editor/2020.3.8f1/Unity.app/Contents/MonoBleedingEdge/lib/mono/unityjit'
Mono config path = '/Applications/Unity/Hub/Editor/2020.3.8f1/Unity.app/Contents/MonoBleedingEdge/etc'
Using monoOptions --debugger-agent=transport=dt_socket,embedding=1,server=y,suspend=n,address=127.0.0.1:56364
Begin MonoManager ReloadAssembly
Registering precompiled unity dll's ...
Register platform support module: /Applications/Unity/Hub/Editor/2020.3.8f1/PlaybackEngines/WebGLSupport/UnityEditor.WebGL.Extensions.dll
Register platform support module: /Applications/Unity/Hub/Editor/2020.3.8f1/Unity.app/Contents/PlaybackEngines/MacStandaloneSupport/UnityEditor.OSXStandalone.Extensions.dll
Register platform support module: /Applications/Unity/Hub/Editor/2020.3.8f1/PlaybackEngines/WindowsStandaloneSupport/UnityEditor.WindowsStandalone.Extensions.dll
Registered in 0.002589 seconds.
Native extension for WindowsStandalone target not found
Native extension for OSXStandalone target not found
Native extension for WebGL target not found
Refreshing native plugins compatible for Editor in 26.39 ms, found 1 plugins.
Preloading 0 native plugins for Editor in 0.00 ms.
Mono: successfully reloaded assembly
- Completed reload, in  1.714 seconds
Platform modules already initialized, skipping
Registering precompiled user dll's ...
Registered in 0.001484 seconds.
Begin MonoManager ReloadAssembly
Native extension for WindowsStandalone target not found
Native extension for OSXStandalone target not found
Native extension for WebGL target not found
Refreshing native plugins compatible for Editor in 0.25 ms, found 1 plugins.
Preloading 0 native plugins for Editor in 0.00 ms.
Mono: successfully reloaded assembly
- Completed reload, in  1.011 seconds
Platform modules already initialized, skipping
========================================================================
Worker process is ready to serve import requests
Launching external process: /Applications/Unity/Hub/Editor/2020.3.8f1/Unity.app/Contents/Tools/UnityShaderCompiler
Launched and connected shader compiler UnityShaderCompiler after 0.01 seconds
Refreshing native plugins compatible for Editor in 0.33 ms, found 1 plugins.
Preloading 0 native plugins for Editor in 0.00 ms.
Unloading 1177 Unused Serialized files (Serialized files now loaded: 0)
System memory in use before: 117.6 MB.
System memory in use after: 117.6 MB.

Unloading 11 unused Assets to reduce memory usage. Loaded Objects now: 1621.
Total: 1.819992 ms (FindLiveObjects: 0.179874 ms CreateObjectMapping: 0.036585 ms MarkObjects: 1.522225 ms  DeleteObjects: 0.080388 ms)

========================================================================
Received Import Request.
  path: Assets/Scripts/lander_contraller.cs
  artifactKey: Guid(0bdf158dec9114a2d9859c70d782c799) Importer(815301076,1909f56bfc062723c751e8b465ee728b)
Start importing Assets/Scripts/lander_contraller.cs using Guid(0bdf158dec9114a2d9859c70d782c799) Importer(815301076,1909f56bfc062723c751e8b465ee728b)  -> (artifact id: '100b1a7768dd42087605da389a1cabc1') in 0.376273 seconds
  Import took 0.378981 seconds .

========================================================================
Received Prepare
Registering precompiled user dll's ...
Registered in 0.000503 seconds.
Begin MonoManager ReloadAssembly
Native extension for WindowsStandalone target not found
Native extension for OSXStandalone target not found
Native extension for WebGL target not found
Refreshing native plugins compatible for Editor in 0.24 ms, found 1 plugins.
Preloading 0 native plugins for Editor in 0.00 ms.
Mono: successfully reloaded assembly
- Completed reload, in  0.981 seconds
Platform modules already initialized, skipping
Refreshing native plugins compatible for Editor in 0.22 ms, found 1 plugins.
Preloading 0 native plugins for Editor in 0.00 ms.
Unloading 1159 Unused Serialized files (Serialized files now loaded: 0)
System memory in use before: 120.8 MB.
System memory in use after: 120.8 MB.

Unloading 6 unused Assets to reduce memory usage. Loaded Objects now: 1624.
Total: 1.461737 ms (FindLiveObjects: 0.134826 ms CreateObjectMapping: 0.034547 ms MarkObjects: 1.229897 ms  DeleteObjects: 0.061635 ms)

========================================================================
Received Prepare
Registering precompiled user dll's ...
Registered in 0.000518 seconds.
Begin MonoManager ReloadAssembly
Native extension for WindowsStandalone target not found
Native extension for OSXStandalone target not found
Native extension for WebGL target not found
Refreshing native plugins compatible for Editor in 0.24 ms, found 1 plugins.
Preloading 0 native plugins for Editor in 0.00 ms.
Mono: successfully reloaded assembly
- Completed reload, in  0.946 seconds
Platform modules already initialized, skipping
Refreshing native plugins compatible for Editor in 0.19 ms, found 1 plugins.
Preloading 0 native plugins for Editor in 0.00 ms.
Unloading 1159 Unused Serialized files (Serialized files now loaded: 0)
System memory in use before: 121.1 MB.
System memory in use after: 121.2 MB.

Unloading 6 unused Assets to reduce memory usage. Loaded Objects now: 1627.
Total: 1.442428 ms (FindLiveObjects: 0.114261 ms CreateObjectMapping: 0.029357 ms MarkObjects: 1.256055 ms  DeleteObjects: 0.041997 ms)

========================================================================
Received Prepare
Registering precompiled user dll's ...
Registered in 0.000633 seconds.
Begin MonoManager ReloadAssembly
Native extension for WindowsStandalone target not found
Native extension for OSXStandalone target not found
Native extension for WebGL target not found
Refreshing native plugins compatible for Editor in 0.25 ms, found 1 plugins.
Preloading 0 native plugins for Editor in 0.00 ms.
Mono: successfully reloaded assembly
- Completed reload, in  0.921 seconds
Platform modules already initialized, skipping
Refreshing native plugins compatible for Editor in 0.19 ms, found 1 plugins.
Preloading 0 native plugins for Editor in 0.00 ms.
Unloading 1159 Unused Serialized files (Serialized files now loaded: 0)
System memory in use before: 121.3 MB.
System memory in use after: 121.4 MB.

Unloading 6 unused Assets to reduce memory usage. Loaded Objects now: 1630.
Total: 1.482094 ms (FindLiveObjects: 0.201718 ms CreateObjectMapping: 0.068426 ms MarkObjects: 1.170631 ms  DeleteObjects: 0.040755 ms)

